<?xml version="1.0" encoding="UTF-8"?>
<!-- Generated by org.testng.reporters.JUnitReportReporter -->
<testsuite skipped="0" hostname="LAPTOP-N0G0NBDP" name="com.wiki.qa.base.TestBase" tests="1" failures="0" timestamp="29 Aug 2021 06:57:44 GMT" time="0.014" errors="0">
  <testcase name="initialization" time="0.014" classname="com.wiki.qa.base.TestBase"/>
</testsuite> <!-- com.wiki.qa.base.TestBase -->
