<?xml version="1.0" encoding="UTF-8"?>
<!-- Generated by org.testng.reporters.JUnitReportReporter -->
<testsuite skipped="0" hostname="LAPTOP-N0G0NBDP" name="com.wiki.qa.testcases.CreateAccountPageTest" tests="2" failures="0" timestamp="29 Aug 2021 12:45:51 GMT" time="1.822" errors="0">
  <testcase name="CreateAccount" time="0.520" classname="com.wiki.qa.testcases.CreateAccountPageTest"/>
  <testcase name="uploadfileTest" time="1.302" classname="com.wiki.qa.testcases.CreateAccountPageTest"/>
</testsuite> <!-- com.wiki.qa.testcases.CreateAccountPageTest -->
