<?xml version="1.0" encoding="UTF-8"?>
<!-- Generated by org.testng.reporters.JUnitReportReporter -->
<testsuite skipped="0" hostname="LAPTOP-N0G0NBDP" name="com.wiki.qa.testcases.UploadFilePageTest" tests="1" failures="0" timestamp="29 Aug 2021 12:54:46 GMT" time="1.654" errors="0">
  <testcase name="uploadfilebtntest" time="1.654" classname="com.wiki.qa.testcases.UploadFilePageTest"/>
</testsuite> <!-- com.wiki.qa.testcases.UploadFilePageTest -->
