<?xml version="1.0" encoding="UTF-8"?>
<!-- Generated by org.testng.reporters.JUnitReportReporter -->
<testsuite skipped="0" hostname="LAPTOP-N0G0NBDP" name="com.wiki.qa.testcases.HomePageTest" tests="2" failures="0" timestamp="29 Aug 2021 07:12:48 GMT" time="2.860" errors="0">
  <testcase name="TitleTest" time="0.017" classname="com.wiki.qa.testcases.HomePageTest"/>
  <testcase name="clickbtnTest" time="2.843" classname="com.wiki.qa.testcases.HomePageTest"/>
</testsuite> <!-- com.wiki.qa.testcases.HomePageTest -->
