<?xml version="1.0" encoding="UTF-8"?>
<!-- Generated by org.testng.reporters.JUnitReportReporter -->
<testsuite skipped="0" hostname="LAPTOP-N0G0NBDP" name="com.wiki.qa.testcases.SearchPageTest" tests="2" failures="0" timestamp="29 Aug 2021 12:16:59 GMT" time="2.313" errors="0">
  <testcase name="clicklinktest" time="1.177" classname="com.wiki.qa.testcases.SearchPageTest"/>
  <testcase name="clickbuttonTest" time="1.136" classname="com.wiki.qa.testcases.SearchPageTest"/>
</testsuite> <!-- com.wiki.qa.testcases.SearchPageTest -->
